[DEBUG] sanitize_url: validating url: 'https://youtu.be/LzaJnLHmIto?si=IUJLKAznx5-1fQOz'
[DEBUG] sanitize_url: parsed.scheme=https, parsed.netloc=youtu.be, parsed.path=/LzaJnLHmIto, parsed.query=si=IUJLKAznx5-1fQOz
[DEBUG] sanitize_url: url is valid!
[DEBUG] sanitize_url: validating url: 'https://youtu.be/LzaJnLHmIto?si=IUJLKAznx5-1fQOz'
[DEBUG] sanitize_url: parsed.scheme=https, parsed.netloc=youtu.be, parsed.path=/LzaJnLHmIto, parsed.query=si=IUJLKAznx5-1fQOz
[DEBUG] sanitize_url: url is valid!
[DEBUG] sanitize_url: validating url: 'https://youtu.be/LzaJnLHmIto?si=IUJLKAznx5-1fQOz'
[DEBUG] sanitize_url: parsed.scheme=https, parsed.netloc=youtu.be, parsed.path=/LzaJnLHmIto, parsed.query=si=IUJLKAznx5-1fQOz
[DEBUG] sanitize_url: url is valid!
[DEBUG] sanitize_url: validating url: 'https://youtu.be/LzaJnLHmIto?si=IUJLKAznx5-1fQOz'
[DEBUG] sanitize_url: parsed.scheme=https, parsed.netloc=youtu.be, parsed.path=/LzaJnLHmIto, parsed.query=si=IUJLKAznx5-1fQOz
[DEBUG] sanitize_url: url is valid!
[DEBUG] sanitize_url: validating url: 'https://youtu.be/LzaJnLHmIto?si=IUJLKAznx5-1fQOz'
[DEBUG] sanitize_url: parsed.scheme=https, parsed.netloc=youtu.be, parsed.path=/LzaJnLHmIto, parsed.query=si=IUJLKAznx5-1fQOz
[DEBUG] sanitize_url: url is valid!
[DEBUG] sanitize_url: validating url: 'https://youtu.be/LzaJnLHmIto?si=IUJLKAznx5-1fQOz'
[DEBUG] sanitize_url: parsed.scheme=https, parsed.netloc=youtu.be, parsed.path=/LzaJnLHmIto, parsed.query=si=IUJLKAznx5-1fQOz
[DEBUG] sanitize_url: url is valid!
[DEBUG] sanitize_url: validating url: 'https://youtu.be/LzaJnLHmIto?si=IUJLKAznx5-1fQOz'
[DEBUG] sanitize_url: parsed.scheme=https, parsed.netloc=youtu.be, parsed.path=/LzaJnLHmIto, parsed.query=si=IUJLKAznx5-1fQOz
[DEBUG] sanitize_url: url is valid!
[DEBUG] sanitize_url: validating url: 'https://youtu.be/LzaJnLHmIto?si=IUJLKAznx5-1fQOz'
[DEBUG] sanitize_url: parsed.scheme=https, parsed.netloc=youtu.be, parsed.path=/LzaJnLHmIto, parsed.query=si=IUJLKAznx5-1fQOz
[DEBUG] sanitize_url: url is valid!
[DEBUG] sanitize_url: validating url: 'https://youtu.be/LzaJnLHmIto?si=IUJLKAznx5-1fQOz'
[DEBUG] sanitize_url: parsed.scheme=https, parsed.netloc=youtu.be, parsed.path=/LzaJnLHmIto, parsed.query=si=IUJLKAznx5-1fQOz
[DEBUG] sanitize_url: url is valid!
[DEBUG] sanitize_url: validating url: 'https://youtu.be/LzaJnLHmIto?si=IUJLKAznx5-1fQOz'
[DEBUG] sanitize_url: parsed.scheme=https, parsed.netloc=youtu.be, parsed.path=/LzaJnLHmIto, parsed.query=si=IUJLKAznx5-1fQOz
[DEBUG] sanitize_url: url is valid!
[DEBUG] sanitize_url: validating url: 'https://youtu.be/LzaJnLHmIto?si=IUJLKAznx5-1fQOz'
[DEBUG] sanitize_url: parsed.scheme=https, parsed.netloc=youtu.be, parsed.path=/LzaJnLHmIto, parsed.query=si=IUJLKAznx5-1fQOz
[DEBUG] sanitize_url: url is valid!
[DEBUG] sanitize_url: validating url: 'https://youtu.be/LzaJnLHmIto?si=IUJLKAznx5-1fQOz'
[DEBUG] sanitize_url: parsed.scheme=https, parsed.netloc=youtu.be, parsed.path=/LzaJnLHmIto, parsed.query=si=IUJLKAznx5-1fQOz
[DEBUG] sanitize_url: url is valid!
[DEBUG] sanitize_url: validating url: 'https://www.youtube.com/watch?v=LzaJnLHmIto'
[DEBUG] sanitize_url: parsed.scheme=https, parsed.netloc=www.youtube.com, parsed.path=/watch, parsed.query=v=LzaJnLHmIto
[DEBUG] sanitize_url: query_params={'v': ['LzaJnLHmIto']}
[DEBUG] sanitize_url: url is valid!
[DEBUG] sanitize_url: validating url: 'https://www.youtube.com/watch?v=LzaJnLHmIto'
[DEBUG] sanitize_url: parsed.scheme=https, parsed.netloc=www.youtube.com, parsed.path=/watch, parsed.query=v=LzaJnLHmIto
[DEBUG] sanitize_url: query_params={'v': ['LzaJnLHmIto']}
[DEBUG] sanitize_url: url is valid!
[DEBUG] sanitize_url: validating url: 'https://www.youtube.com/watch?v=LzaJnLHmIto'
[DEBUG] sanitize_url: parsed.scheme=https, parsed.netloc=www.youtube.com, parsed.path=/watch, parsed.query=v=LzaJnLHmIto
[DEBUG] sanitize_url: query_params={'v': ['LzaJnLHmIto']}
[DEBUG] sanitize_url: url is valid!
[DEBUG] sanitize_url: validating url: 'https://www.youtube.com/watch?v=LzaJnLHmIto'
[DEBUG] sanitize_url: parsed.scheme=https, parsed.netloc=www.youtube.com, parsed.path=/watch, parsed.query=v=LzaJnLHmIto
[DEBUG] sanitize_url: query_params={'v': ['LzaJnLHmIto']}
[DEBUG] sanitize_url: url is valid!
[DEBUG] sanitize_url: validating url: 'https://www.youtube.com/watch?v=LzaJnLHmIto'
[DEBUG] sanitize_url: parsed.scheme=https, parsed.netloc=www.youtube.com, parsed.path=/watch, parsed.query=v=LzaJnLHmIto
[DEBUG] sanitize_url: query_params={'v': ['LzaJnLHmIto']}
[DEBUG] sanitize_url: url is valid!
[DEBUG] sanitize_url: validating url: 'https://www.youtube.com/watch?v=LzaJnLHmIto'
[DEBUG] sanitize_url: parsed.scheme=https, parsed.netloc=www.youtube.com, parsed.path=/watch, parsed.query=v=LzaJnLHmIto
[DEBUG] sanitize_url: query_params={'v': ['LzaJnLHmIto']}
[DEBUG] sanitize_url: url is valid!
[DEBUG] sanitize_url: validating url: 'https://www.youtube.com/watch?v=LzaJnLHmIto'
[DEBUG] sanitize_url: parsed.scheme=https, parsed.netloc=www.youtube.com, parsed.path=/watch, parsed.query=v=LzaJnLHmIto
[DEBUG] sanitize_url: query_params={'v': ['LzaJnLHmIto']}
[DEBUG] sanitize_url: url is valid!
[DEBUG] sanitize_url: validating url: 'https://www.youtube.com/watch?v=LzaJnLHmIto'
[DEBUG] sanitize_url: parsed.scheme=https, parsed.netloc=www.youtube.com, parsed.path=/watch, parsed.query=v=LzaJnLHmIto
[DEBUG] sanitize_url: query_params={'v': ['LzaJnLHmIto']}
[DEBUG] sanitize_url: url is valid!
